Determining if the C compiler works failed with the following output:
Change Dir: C:/Users/LucaS/OneDrive/Desktop/Università/Programmazione di Sistema/PdS_Progetto/our/cmake-build-debug/CMakeFiles/CMakeTmp

Run Build Command(s):C:/PROGRA~1/MINGW-~1/X86_64~1.0-P/mingw64/bin/mingw32-make.exe cmTC_54981/fast && C:/PROGRA~1/MINGW-~1/X86_64~1.0-P/mingw64/bin/mingw32-make.exe  -f CMakeFiles\cmTC_54981.dir\build.make CMakeFiles/cmTC_54981.dir/build
mingw32-make.exe[1]: Entering directory 'C:/Users/LucaS/OneDrive/Desktop/UniversitÓ/Programmazione di Sistema/PdS_Progetto/our/cmake-build-debug/CMakeFiles/CMakeTmp'
Building C object CMakeFiles/cmTC_54981.dir/testCCompiler.c.obj
C:\PROGRA~1\MINGW-~1\X86_64~1.0-P\mingw64\bin\gcc.exe    -o CMakeFiles\cmTC_54981.dir\testCCompiler.c.obj   -c "C:\Users\LucaS\OneDrive\Desktop\Universit├á\Programmazione di Sistema\PdS_Progetto\our\cmake-build-debug\CMakeFiles\CMakeTmp\testCCompiler.c"
gcc.exe: error: C:\Users\LucaS\OneDrive\Desktop\Universit├á\Programmazione di Sistema\PdS_Progetto\our\cmake-build-debug\CMakeFiles\CMakeTmp\testCCompiler.c: No such file or directory
gcc.exe: fatal error: no input files
compilation terminated.
mingw32-make.exe[1]: *** [CMakeFiles\cmTC_54981.dir\build.make:85: CMakeFiles/cmTC_54981.dir/testCCompiler.c.obj] Error 1
mingw32-make.exe[1]: Leaving directory 'C:/Users/LucaS/OneDrive/Desktop/UniversitÓ/Programmazione di Sistema/PdS_Progetto/our/cmake-build-debug/CMakeFiles/CMakeTmp'
mingw32-make.exe: *** [Makefile:140: cmTC_54981/fast] Error 2



Determining if the C compiler works failed with the following output:
Change Dir: C:/Users/LucaS/OneDrive/Desktop/Università/Programmazione di Sistema/PdS_Progetto/our/cmake-build-debug/CMakeFiles/CMakeTmp

Run Build Command(s):C:/PROGRA~1/MINGW-~1/X86_64~1.0-P/mingw64/bin/mingw32-make.exe cmTC_548e0/fast && C:/PROGRA~1/MINGW-~1/X86_64~1.0-P/mingw64/bin/mingw32-make.exe  -f CMakeFiles\cmTC_548e0.dir\build.make CMakeFiles/cmTC_548e0.dir/build
mingw32-make.exe[1]: Entering directory 'C:/Users/LucaS/OneDrive/Desktop/UniversitÓ/Programmazione di Sistema/PdS_Progetto/our/cmake-build-debug/CMakeFiles/CMakeTmp'
Building C object CMakeFiles/cmTC_548e0.dir/testCCompiler.c.obj
C:\PROGRA~1\MINGW-~1\X86_64~1.0-P\mingw64\bin\gcc.exe    -o CMakeFiles\cmTC_548e0.dir\testCCompiler.c.obj   -c "C:\Users\LucaS\OneDrive\Desktop\Universit├á\Programmazione di Sistema\PdS_Progetto\our\cmake-build-debug\CMakeFiles\CMakeTmp\testCCompiler.c"
gcc.exe: error: C:\Users\LucaS\OneDrive\Desktop\Universit├á\Programmazione di Sistema\PdS_Progetto\our\cmake-build-debug\CMakeFiles\CMakeTmp\testCCompiler.c: No such file or directory
gcc.exe: fatal error: no input files
compilation terminated.
mingw32-make.exe[1]: *** [CMakeFiles\cmTC_548e0.dir\build.make:85: CMakeFiles/cmTC_548e0.dir/testCCompiler.c.obj] Error 1
mingw32-make.exe[1]: Leaving directory 'C:/Users/LucaS/OneDrive/Desktop/UniversitÓ/Programmazione di Sistema/PdS_Progetto/our/cmake-build-debug/CMakeFiles/CMakeTmp'
mingw32-make.exe: *** [Makefile:140: cmTC_548e0/fast] Error 2



